2025-03-13 18:05:39,123 INFO StartupInfoLogger [main] Starting WebFluxServerApplication using Java 17.0.11 with PID 20272 (C:\Users\crme112\OneDrive - ION\Desktop\WebFlux and Angular\WebFluxServer\target\classes started by crme112 in C:\Users\crme112\OneDrive - ION\Desktop\WebFlux and Angular\WebFluxServer)
2025-03-13 18:05:39,125 INFO SpringApplication [main] No active profile set, falling back to 1 default profile: "default"
2025-03-13 18:05:39,680 INFO RepositoryConfigurationDelegate [main] Bootstrapping Spring Data R2DBC repositories in DEFAULT mode.
2025-03-13 18:05:39,819 INFO RepositoryConfigurationDelegate [main] Finished Spring Data repository scanning in 126 ms. Found 1 R2DBC repository interface.
2025-03-13 18:05:41,082 INFO NettyWebServer [main] Netty started on port 8080 (http)
2025-03-13 18:05:41,097 INFO StartupInfoLogger [main] Started WebFluxServerApplication in 2.286 seconds (process running for 3.512)
2025-03-13 18:05:51,236 INFO GoodService [reactor-http-nio-2] Get all goods
2025-03-13 18:07:26,892 INFO GoodService [reactor-http-nio-2] Get all goods
2025-03-13 18:08:55,922 INFO GoodService [reactor-http-nio-2] Get all goods
2025-03-13 18:12:55,661 INFO GoodService [reactor-http-nio-4] Get all goods
2025-03-13 18:13:00,059 INFO GoodService [reactor-http-nio-4] Get all goods
2025-03-13 18:13:27,365 INFO GoodService [reactor-http-nio-4] Get all goods
2025-03-13 18:14:57,669 INFO GoodService [reactor-http-nio-7] Get all goods
2025-03-13 18:22:48,012 INFO GoodService [reactor-http-nio-7] Get all goods
2025-03-13 18:23:02,920 INFO GoodService [reactor-http-nio-7] Get all goods
2025-03-13 18:23:05,953 INFO GoodService [reactor-http-nio-7] Get all goods
2025-03-13 18:23:14,404 INFO GoodService [reactor-http-nio-11] Get all goods
2025-03-13 18:23:17,432 INFO GoodService [reactor-http-nio-11] Get all goods
2025-03-13 18:23:23,965 INFO GoodService [reactor-http-nio-2] Get all goods
2025-03-13 18:23:27,114 INFO GoodService [reactor-http-nio-2] Get all goods
2025-03-13 18:23:38,870 INFO GoodService [reactor-http-nio-3] Get all goods
2025-03-13 18:23:41,928 INFO GoodService [reactor-http-nio-3] Get all goods
2025-03-13 18:23:51,056 INFO GoodService [reactor-http-nio-6] Get all goods
2025-03-13 18:23:54,229 INFO GoodService [reactor-http-nio-7] Get all goods
2025-03-13 18:26:11,219 INFO GoodService [reactor-http-nio-8] Get all goods
2025-03-13 18:26:14,282 INFO GoodService [reactor-http-nio-8] Get all goods
2025-03-13 18:27:34,068 INFO GoodService [reactor-http-nio-3] Get all goods
2025-03-13 18:27:37,228 INFO GoodService [reactor-http-nio-3] Get all goods
2025-03-13 18:27:44,134 INFO GoodService [reactor-http-nio-4] Get all goods
2025-03-13 18:27:47,304 INFO GoodService [reactor-http-nio-4] Get all goods
2025-03-13 18:27:59,110 INFO GoodService [reactor-http-nio-7] Get all goods
2025-03-13 18:28:02,254 INFO GoodService [reactor-http-nio-7] Get all goods
2025-03-13 18:28:11,253 INFO GoodService [reactor-http-nio-10] Get all goods
2025-03-13 18:28:14,407 INFO GoodService [reactor-http-nio-10] Get all goods
2025-03-13 18:28:17,067 INFO GoodService [reactor-http-nio-11] Get all goods
2025-03-13 18:28:18,200 INFO GoodService [reactor-http-nio-11] Get all goods
2025-03-13 18:28:20,446 INFO GoodService [reactor-http-nio-11] Get all goods
2025-03-13 18:28:22,004 INFO GoodService [reactor-http-nio-11] Get all goods
2025-03-13 18:28:25,166 INFO GoodService [reactor-http-nio-11] Get all goods
2025-03-13 18:28:27,438 INFO GoodService [reactor-http-nio-2] Get all goods
2025-03-13 18:28:30,496 INFO GoodService [reactor-http-nio-2] Get all goods
2025-03-13 18:28:31,449 INFO GoodService [reactor-http-nio-3] Get all goods
2025-03-13 18:28:34,534 INFO GoodService [reactor-http-nio-3] Get all goods
2025-03-13 18:29:02,251 INFO GoodService [reactor-http-nio-6] Get all goods
2025-03-13 18:29:05,410 INFO GoodService [reactor-http-nio-6] Get all goods
2025-03-13 18:29:10,615 INFO GoodService [reactor-http-nio-9] Get all goods
2025-03-13 18:29:13,693 INFO GoodService [reactor-http-nio-9] Get all goods
2025-03-13 18:29:22,151 INFO GoodService [reactor-http-nio-10] Get all goods
2025-03-13 18:29:25,285 INFO GoodService [reactor-http-nio-10] Get all goods
2025-03-13 18:30:30,699 INFO GoodService [reactor-http-nio-11] Get all goods
2025-03-13 18:30:33,744 INFO GoodService [reactor-http-nio-11] Get all goods
2025-03-13 18:31:19,935 INFO GoodService [reactor-http-nio-6] Get all goods
2025-03-13 18:31:23,068 INFO GoodService [reactor-http-nio-6] Get all goods
2025-03-13 18:31:37,941 INFO GoodService [reactor-http-nio-9] Get all goods
2025-03-13 18:31:41,078 INFO GoodService [reactor-http-nio-9] Get all goods
2025-03-13 18:31:42,250 INFO GoodService [reactor-http-nio-10] Get all goods
2025-03-13 18:31:45,270 INFO GoodService [reactor-http-nio-10] Get all goods
2025-03-13 18:35:45,161 INFO GoodService [reactor-http-nio-5] Get all goods
2025-03-13 18:35:48,201 INFO GoodService [reactor-http-nio-5] Get all goods
2025-03-13 18:35:51,398 INFO GoodService [reactor-http-nio-6] Get good 0
2025-03-13 18:35:51,460 INFO GoodService [reactor-http-nio-7] Get good 2
2025-03-13 18:35:52,250 INFO GoodService [reactor-http-nio-7] Get good 0
2025-03-13 18:35:52,381 INFO GoodService [reactor-http-nio-7] Get good 1
2025-03-13 18:35:52,744 INFO GoodService [reactor-http-nio-7] Get good 0
2025-03-13 18:35:53,399 INFO GoodService [reactor-http-nio-7] Get good 1
2025-03-13 18:38:08,198 INFO GoodService [reactor-http-nio-7] Get all goods
2025-03-13 18:38:10,706 INFO GoodService [reactor-http-nio-7] Get all goods
2025-03-13 18:38:13,791 INFO GoodService [reactor-http-nio-7] Get all goods
2025-03-13 18:40:04,098 INFO GoodService [reactor-http-nio-6] Get all goods
2025-03-13 18:40:05,944 INFO GoodService [reactor-http-nio-6] Get all goods
2025-03-13 18:40:08,976 INFO GoodService [reactor-http-nio-6] Get all goods
2025-03-13 18:44:58,377 INFO GoodService [reactor-http-nio-6] Get all goods
2025-03-13 18:45:01,596 INFO GoodService [reactor-http-nio-6] Get all goods
2025-03-13 18:45:08,059 INFO GoodService [reactor-http-nio-7] Get all goods
2025-03-13 18:45:11,153 INFO GoodService [reactor-http-nio-7] Get all goods
2025-03-13 18:45:25,416 INFO GoodService [reactor-http-nio-10] Get all goods
2025-03-13 18:45:28,488 INFO GoodService [reactor-http-nio-10] Get all goods
2025-03-13 18:45:47,988 INFO GoodService [reactor-http-nio-1] Get all goods
2025-03-13 18:45:51,159 INFO GoodService [reactor-http-nio-1] Get all goods
2025-03-13 18:45:54,203 INFO GoodService [reactor-http-nio-1] Get all goods
2025-03-13 18:45:58,945 INFO GoodService [reactor-http-nio-2] Get all goods
2025-03-13 18:46:02,131 INFO GoodService [reactor-http-nio-2] Get all goods
2025-03-13 18:49:03,146 INFO GoodService [reactor-http-nio-10] Get all goods
2025-03-13 18:49:05,443 INFO GoodService [reactor-http-nio-10] Get all goods
2025-03-13 18:49:08,538 INFO GoodService [reactor-http-nio-10] Get all goods
2025-03-13 18:49:08,882 INFO GoodService [reactor-http-nio-11] Get all goods
2025-03-13 18:49:11,986 INFO GoodService [reactor-http-nio-11] Get all goods
2025-03-13 18:49:20,199 INFO GoodService [reactor-http-nio-2] Get all goods
2025-03-13 18:49:23,381 INFO GoodService [reactor-http-nio-2] Get all goods
2025-03-13 18:49:40,871 INFO GoodService [reactor-http-nio-5] Get all goods
2025-03-13 18:49:44,025 INFO GoodService [reactor-http-nio-5] Get all goods
2025-03-13 18:50:37,478 INFO GoodService [reactor-http-nio-6] Get good 2
2025-03-13 18:50:38,210 INFO GoodService [reactor-http-nio-6] Get good 1
2025-03-13 18:50:38,590 INFO GoodService [reactor-http-nio-6] Get good 0
2025-03-13 18:50:38,994 INFO GoodService [reactor-http-nio-6] Get good 1
2025-03-13 18:50:39,247 INFO GoodService [reactor-http-nio-6] Get good 2
2025-03-13 18:50:56,317 INFO GoodService [reactor-http-nio-6] Get all goods
2025-03-13 18:50:59,341 INFO GoodService [reactor-http-nio-6] Get all goods
2025-03-13 18:51:04,694 INFO GoodService [reactor-http-nio-7] Get all goods
2025-03-13 18:51:07,746 INFO GoodService [reactor-http-nio-7] Get all goods
2025-03-13 18:51:22,911 INFO GoodService [reactor-http-nio-8] Get all goods
2025-03-13 18:51:25,941 INFO GoodService [reactor-http-nio-8] Get all goods
2025-03-13 18:51:32,459 INFO GoodService [reactor-http-nio-9] Get all goods
2025-03-13 18:51:35,483 INFO GoodService [reactor-http-nio-9] Get all goods
2025-03-13 18:52:13,413 INFO GoodService [reactor-http-nio-3] Get all goods
2025-03-13 18:52:16,559 INFO GoodService [reactor-http-nio-3] Get all goods
2025-03-13 18:52:18,706 INFO GoodService [reactor-http-nio-4] Create good Good(id=null, name=AAA, description=AAA, image=placeholder.png)
2025-03-13 18:52:18,799 INFO GoodService [reactor-http-nio-4] Get all goods
2025-03-13 18:52:21,835 INFO GoodService [reactor-http-nio-4] Get all goods
2025-03-13 18:52:47,982 INFO GoodService [reactor-http-nio-7] Get all goods
2025-03-13 18:52:50,011 INFO GoodService [reactor-http-nio-7] Get all goods
2025-03-13 18:52:53,166 INFO GoodService [reactor-http-nio-7] Get all goods
2025-03-13 18:52:56,562 INFO GoodService [reactor-http-nio-8] Get good 2
2025-03-13 18:52:57,010 INFO GoodService [reactor-http-nio-8] Get good 3
2025-03-13 18:52:57,165 INFO GoodService [reactor-http-nio-8] Get good 4
2025-03-13 18:52:57,323 INFO GoodService [reactor-http-nio-8] Get good 5
2025-03-13 18:52:57,482 INFO GoodService [reactor-http-nio-8] Get good 6
2025-03-13 18:52:58,050 INFO GoodService [reactor-http-nio-8] Get good 5
2025-03-13 18:52:58,770 INFO GoodService [reactor-http-nio-8] Get good 6
2025-03-13 18:52:58,898 INFO GoodService [reactor-http-nio-8] Get good 7
2025-03-13 18:52:59,038 INFO GoodService [reactor-http-nio-8] Get good 8
2025-03-13 18:52:59,443 INFO GoodService [reactor-http-nio-8] Get good 9
2025-03-13 18:53:02,990 INFO GoodService [reactor-http-nio-8] Update good 9 to Good(id=null, name=test, description=test description, image=placeholder.png)
2025-03-13 18:53:03,062 INFO GoodService [reactor-http-nio-8] Get all goods
2025-03-13 18:53:06,086 INFO GoodService [reactor-http-nio-8] Get all goods
2025-03-13 18:53:07,180 INFO GoodService [reactor-http-nio-9] Get good 10
2025-03-13 18:53:07,541 INFO GoodService [reactor-http-nio-9] Get good 9
2025-03-13 18:53:10,308 INFO GoodService [reactor-http-nio-9] Update good 9 to Good(id=null, name=test, description=test description, image=placeholder.png)
2025-03-13 18:53:10,355 INFO GoodService [reactor-http-nio-9] Get all goods
2025-03-13 18:53:13,388 INFO GoodService [reactor-http-nio-9] Get all goods
2025-03-13 18:53:25,835 INFO GoodService [reactor-http-nio-12] Get good 8
2025-03-13 18:53:26,372 INFO GoodService [reactor-http-nio-12] Get good 9
2025-03-13 18:53:28,384 INFO GoodService [reactor-http-nio-12] Update good 9 to Good(id=null, name=test, description=test description, image=placeholder.png)
2025-03-13 18:53:28,425 INFO GoodService [reactor-http-nio-12] Get all goods
2025-03-13 18:53:31,470 INFO GoodService [reactor-http-nio-12] Get all goods
2025-03-13 18:53:54,242 INFO GoodService [reactor-http-nio-3] Get all goods
2025-03-13 18:53:56,646 INFO GoodService [reactor-http-nio-3] Get good 2
2025-03-13 18:53:56,775 INFO GoodService [reactor-http-nio-3] Get good 3
2025-03-13 18:53:56,904 INFO GoodService [reactor-http-nio-3] Get good 4
2025-03-13 18:53:57,040 INFO GoodService [reactor-http-nio-3] Get good 5
2025-03-13 18:53:57,197 INFO GoodService [reactor-http-nio-3] Get good 6
2025-03-13 18:53:57,335 INFO GoodService [reactor-http-nio-3] Get good 7
2025-03-13 18:53:57,413 INFO GoodService [reactor-http-nio-3] Get all goods
2025-03-13 18:53:57,741 INFO GoodService [reactor-http-nio-4] Get good 8
2025-03-13 18:53:58,161 INFO GoodService [reactor-http-nio-4] Get good 9
2025-03-13 18:54:00,173 INFO GoodService [reactor-http-nio-4] Delete good 9
2025-03-13 18:54:00,191 INFO GoodService [reactor-http-nio-4] Get all goods
2025-03-13 18:54:03,205 INFO GoodService [reactor-http-nio-4] Get all goods
2025-03-13 18:54:16,105 INFO GracefulShutdown [SpringApplicationShutdownHook] Commencing graceful shutdown. Waiting for active requests to complete
2025-03-13 18:54:16,110 INFO GracefulShutdown [netty-shutdown] Graceful shutdown complete
